c:\users\bette\csc473\a2\anim\debug\vc143.pdb
c:\users\bette\csc473\a2\anim\debug\vc143.idb
c:\users\bette\csc473\a2\anim\debug\anim.obj
c:\users\bette\csc473\a2\anim\debug\animtcl.obj
c:\users\bette\csc473\a2\anim\debug\baseobject.obj
c:\users\bette\csc473\a2\anim\debug\basesimulator.obj
c:\users\bette\csc473\a2\anim\debug\car.obj
c:\users\bette\csc473\a2\anim\debug\globalresourcemanager.obj
c:\users\bette\csc473\a2\anim\debug\hspline.obj
c:\users\bette\csc473\a2\anim\debug\myscene.obj
c:\users\bette\csc473\a2\anim\debug\resourcemanager.obj
c:\users\bette\csc473\a2\anim\debug\samplegravitysimulator.obj
c:\users\bette\csc473\a2\anim\debug\sampleparticle.obj
c:\users\bette\csc473\a2\anim\debug\basesystem.obj
c:\users\bette\csc473\a2\anim\debug\particle.obj
c:\users\bette\csc473\a2\anim\debug\springsim.obj
c:\users\bette\csc473\a2\build\anim.exe
c:\users\bette\csc473\a2\anim\debug\anim.ilk
c:\users\bette\csc473\a2\build\animp.pdb
c:\users\bette\csc473\a2\anim\debug\springsim.obj.enc
c:\users\bette\csc473\a2\anim\debug\anim.tlog\cl.command.1.tlog
c:\users\bette\csc473\a2\anim\debug\anim.tlog\cl.read.1.tlog
c:\users\bette\csc473\a2\anim\debug\anim.tlog\cl.write.1.tlog
c:\users\bette\csc473\a2\anim\debug\anim.tlog\link.command.1.tlog
c:\users\bette\csc473\a2\anim\debug\anim.tlog\link.read.1.tlog
c:\users\bette\csc473\a2\anim\debug\anim.tlog\link.write.1.tlog
